<?xml version="1.0" encoding="UTF-8"?>
<robot generator="Robot 7.0 (Python 3.12.0 on win32)" generated="2024-02-16T13:51:02.497841" rpa="false" schemaversion="5">
<suite id="s1" name="Suites">
<suite id="s1-s1" name="PropertyTest" source="C:\Users\Jerald\Documents\GitHub\PayrentRobotFramework\TestCase\PropertyTest.robot">
<test id="s1-s1-t1" name="Property" line="6">
<kw name="Click Element" owner="SeleniumLibrary">
<msg time="2024-02-16T13:51:02.852622" level="INFO">Clicking element 'xpath://span[@data-testid='propertiesTest']'.</msg>
<msg time="2024-02-16T13:51:02.852622" level="INFO">Cannot capture screenshot because no browser is open.</msg>
<msg time="2024-02-16T13:51:02.852622" level="FAIL">No browser is open.</msg>
<arg>xpath://span[@data-testid='propertiesTest']</arg>
<doc>Click the element identified by ``locator``.</doc>
<status status="FAIL" start="2024-02-16T13:51:02.852622" elapsed="0.004054">No browser is open.</status>
</kw>
<kw name="Sleep" owner="BuiltIn">
<arg>30 seconds</arg>
<doc>Pauses the test executed for the given time.</doc>
<status status="NOT RUN" start="2024-02-16T13:51:02.856676" elapsed="0.000000"/>
</kw>
<kw name="Capture Page Screenshot" owner="SeleniumLibrary">
<arg>../Screenshots/ValidLogin.png</arg>
<doc>Takes a screenshot of the current page and embeds it into a log file.</doc>
<status status="NOT RUN" start="2024-02-16T13:51:02.856676" elapsed="0.000000"/>
</kw>
<status status="FAIL" start="2024-02-16T13:51:02.851622" elapsed="0.006055">No browser is open.</status>
</test>
<status status="FAIL" start="2024-02-16T13:51:02.529884" elapsed="0.327793"/>
</suite>
<status status="FAIL" start="2024-02-16T13:51:02.511872" elapsed="0.346803"/>
</suite>
<statistics>
<total>
<stat pass="0" fail="1" skip="0">All Tests</stat>
</total>
<tag>
</tag>
<suite>
<stat pass="0" fail="1" skip="0" id="s1" name="Suites">Suites</stat>
<stat pass="0" fail="1" skip="0" id="s1-s1" name="PropertyTest">Suites.PropertyTest</stat>
</suite>
</statistics>
<errors>
</errors>
</robot>
